<?xml version="1.0" encoding="UTF-8"?>
<!-- Generated by org.testng.reporters.JUnitReportReporter -->
<testsuite hostname="DESKTOP-APMQA8S" failures="0" tests="1" name="testrunner5.testrunner5" time="0.046" errors="0" timestamp="2021-07-08T11:37:40 PDT" skipped="0">
  <testcase classname="testrunner5.testrunner5" name="feature" time="0.046"/>
  <system-out/>
</testsuite> <!-- testrunner5.testrunner5 -->
